#! /usr/bin/vvp
:ivl_version "11.0 (stable)";
:ivl_delay_selection "TYPICAL";
:vpi_time_precision + 0;
:vpi_module "/usr/lib/x86_64-linux-gnu/ivl/system.vpi";
:vpi_module "/usr/lib/x86_64-linux-gnu/ivl/vhdl_sys.vpi";
:vpi_module "/usr/lib/x86_64-linux-gnu/ivl/vhdl_textio.vpi";
:vpi_module "/usr/lib/x86_64-linux-gnu/ivl/v2005_math.vpi";
:vpi_module "/usr/lib/x86_64-linux-gnu/ivl/va_math.vpi";
S_0x55817206e190 .scope module, "alu_mux2" "alu_mux2" 2 1;
 .timescale 0 0;
    .port_info 0 /INPUT 32 "rs1";
    .port_info 1 /INPUT 32 "pc_out";
    .port_info 2 /INPUT 2 "rs_sel";
    .port_info 3 /OUTPUT 32 "res";
o0x7f7ac579f018 .functor BUFZ 32, C4<zzzzzzzzzzzzzzzzzzzzzzzzzzzzzzzz>; HiZ drive
v0x55817206fbf0_0 .net "pc_out", 31 0, o0x7f7ac579f018;  0 drivers
v0x558172070000_0 .var "res", 31 0;
o0x7f7ac579f078 .functor BUFZ 32, C4<zzzzzzzzzzzzzzzzzzzzzzzzzzzzzzzz>; HiZ drive
v0x5581720b67e0_0 .net "rs1", 31 0, o0x7f7ac579f078;  0 drivers
o0x7f7ac579f0a8 .functor BUFZ 2, C4<zz>; HiZ drive
v0x5581720b68a0_0 .net "rs_sel", 1 0, o0x7f7ac579f0a8;  0 drivers
E_0x55817206e7b0 .event edge, v0x5581720b68a0_0, v0x55817206fbf0_0, v0x5581720b67e0_0;
    .scope S_0x55817206e190;
T_0 ;
    %wait E_0x55817206e7b0;
    %load/vec4 v0x5581720b68a0_0;
    %cmpi/e 1, 0, 2;
    %jmp/0xz  T_0.0, 4;
    %load/vec4 v0x55817206fbf0_0;
    %store/vec4 v0x558172070000_0, 0, 32;
    %jmp T_0.1;
T_0.0 ;
    %load/vec4 v0x5581720b68a0_0;
    %cmpi/e 2, 0, 2;
    %jmp/0xz  T_0.2, 4;
    %load/vec4 v0x55817206fbf0_0;
    %store/vec4 v0x558172070000_0, 0, 32;
    %jmp T_0.3;
T_0.2 ;
    %load/vec4 v0x5581720b67e0_0;
    %store/vec4 v0x558172070000_0, 0, 32;
T_0.3 ;
T_0.1 ;
    %jmp T_0;
    .thread T_0, $push;
# The file index is used to find the file name in the following table.
:file_names 3;
    "N/A";
    "<interactive>";
    "alu_mux2.v";
