#! /usr/bin/vvp
:ivl_version "11.0 (stable)";
:ivl_delay_selection "TYPICAL";
:vpi_time_precision + 0;
:vpi_module "/usr/lib/x86_64-linux-gnu/ivl/system.vpi";
:vpi_module "/usr/lib/x86_64-linux-gnu/ivl/vhdl_sys.vpi";
:vpi_module "/usr/lib/x86_64-linux-gnu/ivl/vhdl_textio.vpi";
:vpi_module "/usr/lib/x86_64-linux-gnu/ivl/v2005_math.vpi";
:vpi_module "/usr/lib/x86_64-linux-gnu/ivl/va_math.vpi";
S_0x5598c53d43c0 .scope module, "c_mem" "c_mem" 2 1;
 .timescale 0 0;
    .port_info 0 /INPUT 1 "clk";
    .port_info 1 /INPUT 1 "request";
    .port_info 2 /INPUT 8 "address";
    .port_info 3 /INPUT 32 "w_data";
    .port_info 4 /INPUT 4 "masking";
    .port_info 5 /INPUT 1 "we_re";
    .port_info 6 /OUTPUT 32 "r_data";
o0x7f35cbc76018 .functor BUFZ 8, C4<zzzzzzzz>; HiZ drive
v0x5598c53a9000_0 .net "address", 7 0, o0x7f35cbc76018;  0 drivers
o0x7f35cbc76048 .functor BUFZ 1, C4<z>; HiZ drive
v0x5598c53fe250_0 .net "clk", 0 0, o0x7f35cbc76048;  0 drivers
o0x7f35cbc76078 .functor BUFZ 4, C4<zzzz>; HiZ drive
v0x5598c53fe310_0 .net "masking", 3 0, o0x7f35cbc76078;  0 drivers
v0x5598c53fe3d0 .array "mem", 255 0, 31 0;
v0x5598c5400ca0_0 .var "r_data", 31 0;
o0x7f35cbc790d8 .functor BUFZ 1, C4<z>; HiZ drive
v0x5598c5400dd0_0 .net "request", 0 0, o0x7f35cbc790d8;  0 drivers
o0x7f35cbc79108 .functor BUFZ 32, C4<zzzzzzzzzzzzzzzzzzzzzzzzzzzzzzzz>; HiZ drive
v0x5598c5400e90_0 .net "w_data", 31 0, o0x7f35cbc79108;  0 drivers
o0x7f35cbc79138 .functor BUFZ 1, C4<z>; HiZ drive
v0x5598c5400f70_0 .net "we_re", 0 0, o0x7f35cbc79138;  0 drivers
v0x5598c53fe3d0_0 .array/port v0x5598c53fe3d0, 0;
E_0x5598c53cae30/0 .event edge, v0x5598c5400dd0_0, v0x5598c5400f70_0, v0x5598c53a9000_0, v0x5598c53fe3d0_0;
v0x5598c53fe3d0_1 .array/port v0x5598c53fe3d0, 1;
v0x5598c53fe3d0_2 .array/port v0x5598c53fe3d0, 2;
v0x5598c53fe3d0_3 .array/port v0x5598c53fe3d0, 3;
v0x5598c53fe3d0_4 .array/port v0x5598c53fe3d0, 4;
E_0x5598c53cae30/1 .event edge, v0x5598c53fe3d0_1, v0x5598c53fe3d0_2, v0x5598c53fe3d0_3, v0x5598c53fe3d0_4;
v0x5598c53fe3d0_5 .array/port v0x5598c53fe3d0, 5;
v0x5598c53fe3d0_6 .array/port v0x5598c53fe3d0, 6;
v0x5598c53fe3d0_7 .array/port v0x5598c53fe3d0, 7;
v0x5598c53fe3d0_8 .array/port v0x5598c53fe3d0, 8;
E_0x5598c53cae30/2 .event edge, v0x5598c53fe3d0_5, v0x5598c53fe3d0_6, v0x5598c53fe3d0_7, v0x5598c53fe3d0_8;
v0x5598c53fe3d0_9 .array/port v0x5598c53fe3d0, 9;
v0x5598c53fe3d0_10 .array/port v0x5598c53fe3d0, 10;
v0x5598c53fe3d0_11 .array/port v0x5598c53fe3d0, 11;
v0x5598c53fe3d0_12 .array/port v0x5598c53fe3d0, 12;
E_0x5598c53cae30/3 .event edge, v0x5598c53fe3d0_9, v0x5598c53fe3d0_10, v0x5598c53fe3d0_11, v0x5598c53fe3d0_12;
v0x5598c53fe3d0_13 .array/port v0x5598c53fe3d0, 13;
v0x5598c53fe3d0_14 .array/port v0x5598c53fe3d0, 14;
v0x5598c53fe3d0_15 .array/port v0x5598c53fe3d0, 15;
v0x5598c53fe3d0_16 .array/port v0x5598c53fe3d0, 16;
E_0x5598c53cae30/4 .event edge, v0x5598c53fe3d0_13, v0x5598c53fe3d0_14, v0x5598c53fe3d0_15, v0x5598c53fe3d0_16;
v0x5598c53fe3d0_17 .array/port v0x5598c53fe3d0, 17;
v0x5598c53fe3d0_18 .array/port v0x5598c53fe3d0, 18;
v0x5598c53fe3d0_19 .array/port v0x5598c53fe3d0, 19;
v0x5598c53fe3d0_20 .array/port v0x5598c53fe3d0, 20;
E_0x5598c53cae30/5 .event edge, v0x5598c53fe3d0_17, v0x5598c53fe3d0_18, v0x5598c53fe3d0_19, v0x5598c53fe3d0_20;
v0x5598c53fe3d0_21 .array/port v0x5598c53fe3d0, 21;
v0x5598c53fe3d0_22 .array/port v0x5598c53fe3d0, 22;
v0x5598c53fe3d0_23 .array/port v0x5598c53fe3d0, 23;
v0x5598c53fe3d0_24 .array/port v0x5598c53fe3d0, 24;
E_0x5598c53cae30/6 .event edge, v0x5598c53fe3d0_21, v0x5598c53fe3d0_22, v0x5598c53fe3d0_23, v0x5598c53fe3d0_24;
v0x5598c53fe3d0_25 .array/port v0x5598c53fe3d0, 25;
v0x5598c53fe3d0_26 .array/port v0x5598c53fe3d0, 26;
v0x5598c53fe3d0_27 .array/port v0x5598c53fe3d0, 27;
v0x5598c53fe3d0_28 .array/port v0x5598c53fe3d0, 28;
E_0x5598c53cae30/7 .event edge, v0x5598c53fe3d0_25, v0x5598c53fe3d0_26, v0x5598c53fe3d0_27, v0x5598c53fe3d0_28;
v0x5598c53fe3d0_29 .array/port v0x5598c53fe3d0, 29;
v0x5598c53fe3d0_30 .array/port v0x5598c53fe3d0, 30;
v0x5598c53fe3d0_31 .array/port v0x5598c53fe3d0, 31;
v0x5598c53fe3d0_32 .array/port v0x5598c53fe3d0, 32;
E_0x5598c53cae30/8 .event edge, v0x5598c53fe3d0_29, v0x5598c53fe3d0_30, v0x5598c53fe3d0_31, v0x5598c53fe3d0_32;
v0x5598c53fe3d0_33 .array/port v0x5598c53fe3d0, 33;
v0x5598c53fe3d0_34 .array/port v0x5598c53fe3d0, 34;
v0x5598c53fe3d0_35 .array/port v0x5598c53fe3d0, 35;
v0x5598c53fe3d0_36 .array/port v0x5598c53fe3d0, 36;
E_0x5598c53cae30/9 .event edge, v0x5598c53fe3d0_33, v0x5598c53fe3d0_34, v0x5598c53fe3d0_35, v0x5598c53fe3d0_36;
v0x5598c53fe3d0_37 .array/port v0x5598c53fe3d0, 37;
v0x5598c53fe3d0_38 .array/port v0x5598c53fe3d0, 38;
v0x5598c53fe3d0_39 .array/port v0x5598c53fe3d0, 39;
v0x5598c53fe3d0_40 .array/port v0x5598c53fe3d0, 40;
E_0x5598c53cae30/10 .event edge, v0x5598c53fe3d0_37, v0x5598c53fe3d0_38, v0x5598c53fe3d0_39, v0x5598c53fe3d0_40;
v0x5598c53fe3d0_41 .array/port v0x5598c53fe3d0, 41;
v0x5598c53fe3d0_42 .array/port v0x5598c53fe3d0, 42;
v0x5598c53fe3d0_43 .array/port v0x5598c53fe3d0, 43;
v0x5598c53fe3d0_44 .array/port v0x5598c53fe3d0, 44;
E_0x5598c53cae30/11 .event edge, v0x5598c53fe3d0_41, v0x5598c53fe3d0_42, v0x5598c53fe3d0_43, v0x5598c53fe3d0_44;
v0x5598c53fe3d0_45 .array/port v0x5598c53fe3d0, 45;
v0x5598c53fe3d0_46 .array/port v0x5598c53fe3d0, 46;
v0x5598c53fe3d0_47 .array/port v0x5598c53fe3d0, 47;
v0x5598c53fe3d0_48 .array/port v0x5598c53fe3d0, 48;
E_0x5598c53cae30/12 .event edge, v0x5598c53fe3d0_45, v0x5598c53fe3d0_46, v0x5598c53fe3d0_47, v0x5598c53fe3d0_48;
v0x5598c53fe3d0_49 .array/port v0x5598c53fe3d0, 49;
v0x5598c53fe3d0_50 .array/port v0x5598c53fe3d0, 50;
v0x5598c53fe3d0_51 .array/port v0x5598c53fe3d0, 51;
v0x5598c53fe3d0_52 .array/port v0x5598c53fe3d0, 52;
E_0x5598c53cae30/13 .event edge, v0x5598c53fe3d0_49, v0x5598c53fe3d0_50, v0x5598c53fe3d0_51, v0x5598c53fe3d0_52;
v0x5598c53fe3d0_53 .array/port v0x5598c53fe3d0, 53;
v0x5598c53fe3d0_54 .array/port v0x5598c53fe3d0, 54;
v0x5598c53fe3d0_55 .array/port v0x5598c53fe3d0, 55;
v0x5598c53fe3d0_56 .array/port v0x5598c53fe3d0, 56;
E_0x5598c53cae30/14 .event edge, v0x5598c53fe3d0_53, v0x5598c53fe3d0_54, v0x5598c53fe3d0_55, v0x5598c53fe3d0_56;
v0x5598c53fe3d0_57 .array/port v0x5598c53fe3d0, 57;
v0x5598c53fe3d0_58 .array/port v0x5598c53fe3d0, 58;
v0x5598c53fe3d0_59 .array/port v0x5598c53fe3d0, 59;
v0x5598c53fe3d0_60 .array/port v0x5598c53fe3d0, 60;
E_0x5598c53cae30/15 .event edge, v0x5598c53fe3d0_57, v0x5598c53fe3d0_58, v0x5598c53fe3d0_59, v0x5598c53fe3d0_60;
v0x5598c53fe3d0_61 .array/port v0x5598c53fe3d0, 61;
v0x5598c53fe3d0_62 .array/port v0x5598c53fe3d0, 62;
v0x5598c53fe3d0_63 .array/port v0x5598c53fe3d0, 63;
v0x5598c53fe3d0_64 .array/port v0x5598c53fe3d0, 64;
E_0x5598c53cae30/16 .event edge, v0x5598c53fe3d0_61, v0x5598c53fe3d0_62, v0x5598c53fe3d0_63, v0x5598c53fe3d0_64;
v0x5598c53fe3d0_65 .array/port v0x5598c53fe3d0, 65;
v0x5598c53fe3d0_66 .array/port v0x5598c53fe3d0, 66;
v0x5598c53fe3d0_67 .array/port v0x5598c53fe3d0, 67;
v0x5598c53fe3d0_68 .array/port v0x5598c53fe3d0, 68;
E_0x5598c53cae30/17 .event edge, v0x5598c53fe3d0_65, v0x5598c53fe3d0_66, v0x5598c53fe3d0_67, v0x5598c53fe3d0_68;
v0x5598c53fe3d0_69 .array/port v0x5598c53fe3d0, 69;
v0x5598c53fe3d0_70 .array/port v0x5598c53fe3d0, 70;
v0x5598c53fe3d0_71 .array/port v0x5598c53fe3d0, 71;
v0x5598c53fe3d0_72 .array/port v0x5598c53fe3d0, 72;
E_0x5598c53cae30/18 .event edge, v0x5598c53fe3d0_69, v0x5598c53fe3d0_70, v0x5598c53fe3d0_71, v0x5598c53fe3d0_72;
v0x5598c53fe3d0_73 .array/port v0x5598c53fe3d0, 73;
v0x5598c53fe3d0_74 .array/port v0x5598c53fe3d0, 74;
v0x5598c53fe3d0_75 .array/port v0x5598c53fe3d0, 75;
v0x5598c53fe3d0_76 .array/port v0x5598c53fe3d0, 76;
E_0x5598c53cae30/19 .event edge, v0x5598c53fe3d0_73, v0x5598c53fe3d0_74, v0x5598c53fe3d0_75, v0x5598c53fe3d0_76;
v0x5598c53fe3d0_77 .array/port v0x5598c53fe3d0, 77;
v0x5598c53fe3d0_78 .array/port v0x5598c53fe3d0, 78;
v0x5598c53fe3d0_79 .array/port v0x5598c53fe3d0, 79;
v0x5598c53fe3d0_80 .array/port v0x5598c53fe3d0, 80;
E_0x5598c53cae30/20 .event edge, v0x5598c53fe3d0_77, v0x5598c53fe3d0_78, v0x5598c53fe3d0_79, v0x5598c53fe3d0_80;
v0x5598c53fe3d0_81 .array/port v0x5598c53fe3d0, 81;
v0x5598c53fe3d0_82 .array/port v0x5598c53fe3d0, 82;
v0x5598c53fe3d0_83 .array/port v0x5598c53fe3d0, 83;
v0x5598c53fe3d0_84 .array/port v0x5598c53fe3d0, 84;
E_0x5598c53cae30/21 .event edge, v0x5598c53fe3d0_81, v0x5598c53fe3d0_82, v0x5598c53fe3d0_83, v0x5598c53fe3d0_84;
v0x5598c53fe3d0_85 .array/port v0x5598c53fe3d0, 85;
v0x5598c53fe3d0_86 .array/port v0x5598c53fe3d0, 86;
v0x5598c53fe3d0_87 .array/port v0x5598c53fe3d0, 87;
v0x5598c53fe3d0_88 .array/port v0x5598c53fe3d0, 88;
E_0x5598c53cae30/22 .event edge, v0x5598c53fe3d0_85, v0x5598c53fe3d0_86, v0x5598c53fe3d0_87, v0x5598c53fe3d0_88;
v0x5598c53fe3d0_89 .array/port v0x5598c53fe3d0, 89;
v0x5598c53fe3d0_90 .array/port v0x5598c53fe3d0, 90;
v0x5598c53fe3d0_91 .array/port v0x5598c53fe3d0, 91;
v0x5598c53fe3d0_92 .array/port v0x5598c53fe3d0, 92;
E_0x5598c53cae30/23 .event edge, v0x5598c53fe3d0_89, v0x5598c53fe3d0_90, v0x5598c53fe3d0_91, v0x5598c53fe3d0_92;
v0x5598c53fe3d0_93 .array/port v0x5598c53fe3d0, 93;
v0x5598c53fe3d0_94 .array/port v0x5598c53fe3d0, 94;
v0x5598c53fe3d0_95 .array/port v0x5598c53fe3d0, 95;
v0x5598c53fe3d0_96 .array/port v0x5598c53fe3d0, 96;
E_0x5598c53cae30/24 .event edge, v0x5598c53fe3d0_93, v0x5598c53fe3d0_94, v0x5598c53fe3d0_95, v0x5598c53fe3d0_96;
v0x5598c53fe3d0_97 .array/port v0x5598c53fe3d0, 97;
v0x5598c53fe3d0_98 .array/port v0x5598c53fe3d0, 98;
v0x5598c53fe3d0_99 .array/port v0x5598c53fe3d0, 99;
v0x5598c53fe3d0_100 .array/port v0x5598c53fe3d0, 100;
E_0x5598c53cae30/25 .event edge, v0x5598c53fe3d0_97, v0x5598c53fe3d0_98, v0x5598c53fe3d0_99, v0x5598c53fe3d0_100;
v0x5598c53fe3d0_101 .array/port v0x5598c53fe3d0, 101;
v0x5598c53fe3d0_102 .array/port v0x5598c53fe3d0, 102;
v0x5598c53fe3d0_103 .array/port v0x5598c53fe3d0, 103;
v0x5598c53fe3d0_104 .array/port v0x5598c53fe3d0, 104;
E_0x5598c53cae30/26 .event edge, v0x5598c53fe3d0_101, v0x5598c53fe3d0_102, v0x5598c53fe3d0_103, v0x5598c53fe3d0_104;
v0x5598c53fe3d0_105 .array/port v0x5598c53fe3d0, 105;
v0x5598c53fe3d0_106 .array/port v0x5598c53fe3d0, 106;
v0x5598c53fe3d0_107 .array/port v0x5598c53fe3d0, 107;
v0x5598c53fe3d0_108 .array/port v0x5598c53fe3d0, 108;
E_0x5598c53cae30/27 .event edge, v0x5598c53fe3d0_105, v0x5598c53fe3d0_106, v0x5598c53fe3d0_107, v0x5598c53fe3d0_108;
v0x5598c53fe3d0_109 .array/port v0x5598c53fe3d0, 109;
v0x5598c53fe3d0_110 .array/port v0x5598c53fe3d0, 110;
v0x5598c53fe3d0_111 .array/port v0x5598c53fe3d0, 111;
v0x5598c53fe3d0_112 .array/port v0x5598c53fe3d0, 112;
E_0x5598c53cae30/28 .event edge, v0x5598c53fe3d0_109, v0x5598c53fe3d0_110, v0x5598c53fe3d0_111, v0x5598c53fe3d0_112;
v0x5598c53fe3d0_113 .array/port v0x5598c53fe3d0, 113;
v0x5598c53fe3d0_114 .array/port v0x5598c53fe3d0, 114;
v0x5598c53fe3d0_115 .array/port v0x5598c53fe3d0, 115;
v0x5598c53fe3d0_116 .array/port v0x5598c53fe3d0, 116;
E_0x5598c53cae30/29 .event edge, v0x5598c53fe3d0_113, v0x5598c53fe3d0_114, v0x5598c53fe3d0_115, v0x5598c53fe3d0_116;
v0x5598c53fe3d0_117 .array/port v0x5598c53fe3d0, 117;
v0x5598c53fe3d0_118 .array/port v0x5598c53fe3d0, 118;
v0x5598c53fe3d0_119 .array/port v0x5598c53fe3d0, 119;
v0x5598c53fe3d0_120 .array/port v0x5598c53fe3d0, 120;
E_0x5598c53cae30/30 .event edge, v0x5598c53fe3d0_117, v0x5598c53fe3d0_118, v0x5598c53fe3d0_119, v0x5598c53fe3d0_120;
v0x5598c53fe3d0_121 .array/port v0x5598c53fe3d0, 121;
v0x5598c53fe3d0_122 .array/port v0x5598c53fe3d0, 122;
v0x5598c53fe3d0_123 .array/port v0x5598c53fe3d0, 123;
v0x5598c53fe3d0_124 .array/port v0x5598c53fe3d0, 124;
E_0x5598c53cae30/31 .event edge, v0x5598c53fe3d0_121, v0x5598c53fe3d0_122, v0x5598c53fe3d0_123, v0x5598c53fe3d0_124;
v0x5598c53fe3d0_125 .array/port v0x5598c53fe3d0, 125;
v0x5598c53fe3d0_126 .array/port v0x5598c53fe3d0, 126;
v0x5598c53fe3d0_127 .array/port v0x5598c53fe3d0, 127;
v0x5598c53fe3d0_128 .array/port v0x5598c53fe3d0, 128;
E_0x5598c53cae30/32 .event edge, v0x5598c53fe3d0_125, v0x5598c53fe3d0_126, v0x5598c53fe3d0_127, v0x5598c53fe3d0_128;
v0x5598c53fe3d0_129 .array/port v0x5598c53fe3d0, 129;
v0x5598c53fe3d0_130 .array/port v0x5598c53fe3d0, 130;
v0x5598c53fe3d0_131 .array/port v0x5598c53fe3d0, 131;
v0x5598c53fe3d0_132 .array/port v0x5598c53fe3d0, 132;
E_0x5598c53cae30/33 .event edge, v0x5598c53fe3d0_129, v0x5598c53fe3d0_130, v0x5598c53fe3d0_131, v0x5598c53fe3d0_132;
v0x5598c53fe3d0_133 .array/port v0x5598c53fe3d0, 133;
v0x5598c53fe3d0_134 .array/port v0x5598c53fe3d0, 134;
v0x5598c53fe3d0_135 .array/port v0x5598c53fe3d0, 135;
v0x5598c53fe3d0_136 .array/port v0x5598c53fe3d0, 136;
E_0x5598c53cae30/34 .event edge, v0x5598c53fe3d0_133, v0x5598c53fe3d0_134, v0x5598c53fe3d0_135, v0x5598c53fe3d0_136;
v0x5598c53fe3d0_137 .array/port v0x5598c53fe3d0, 137;
v0x5598c53fe3d0_138 .array/port v0x5598c53fe3d0, 138;
v0x5598c53fe3d0_139 .array/port v0x5598c53fe3d0, 139;
v0x5598c53fe3d0_140 .array/port v0x5598c53fe3d0, 140;
E_0x5598c53cae30/35 .event edge, v0x5598c53fe3d0_137, v0x5598c53fe3d0_138, v0x5598c53fe3d0_139, v0x5598c53fe3d0_140;
v0x5598c53fe3d0_141 .array/port v0x5598c53fe3d0, 141;
v0x5598c53fe3d0_142 .array/port v0x5598c53fe3d0, 142;
v0x5598c53fe3d0_143 .array/port v0x5598c53fe3d0, 143;
v0x5598c53fe3d0_144 .array/port v0x5598c53fe3d0, 144;
E_0x5598c53cae30/36 .event edge, v0x5598c53fe3d0_141, v0x5598c53fe3d0_142, v0x5598c53fe3d0_143, v0x5598c53fe3d0_144;
v0x5598c53fe3d0_145 .array/port v0x5598c53fe3d0, 145;
v0x5598c53fe3d0_146 .array/port v0x5598c53fe3d0, 146;
v0x5598c53fe3d0_147 .array/port v0x5598c53fe3d0, 147;
v0x5598c53fe3d0_148 .array/port v0x5598c53fe3d0, 148;
E_0x5598c53cae30/37 .event edge, v0x5598c53fe3d0_145, v0x5598c53fe3d0_146, v0x5598c53fe3d0_147, v0x5598c53fe3d0_148;
v0x5598c53fe3d0_149 .array/port v0x5598c53fe3d0, 149;
v0x5598c53fe3d0_150 .array/port v0x5598c53fe3d0, 150;
v0x5598c53fe3d0_151 .array/port v0x5598c53fe3d0, 151;
v0x5598c53fe3d0_152 .array/port v0x5598c53fe3d0, 152;
E_0x5598c53cae30/38 .event edge, v0x5598c53fe3d0_149, v0x5598c53fe3d0_150, v0x5598c53fe3d0_151, v0x5598c53fe3d0_152;
v0x5598c53fe3d0_153 .array/port v0x5598c53fe3d0, 153;
v0x5598c53fe3d0_154 .array/port v0x5598c53fe3d0, 154;
v0x5598c53fe3d0_155 .array/port v0x5598c53fe3d0, 155;
v0x5598c53fe3d0_156 .array/port v0x5598c53fe3d0, 156;
E_0x5598c53cae30/39 .event edge, v0x5598c53fe3d0_153, v0x5598c53fe3d0_154, v0x5598c53fe3d0_155, v0x5598c53fe3d0_156;
v0x5598c53fe3d0_157 .array/port v0x5598c53fe3d0, 157;
v0x5598c53fe3d0_158 .array/port v0x5598c53fe3d0, 158;
v0x5598c53fe3d0_159 .array/port v0x5598c53fe3d0, 159;
v0x5598c53fe3d0_160 .array/port v0x5598c53fe3d0, 160;
E_0x5598c53cae30/40 .event edge, v0x5598c53fe3d0_157, v0x5598c53fe3d0_158, v0x5598c53fe3d0_159, v0x5598c53fe3d0_160;
v0x5598c53fe3d0_161 .array/port v0x5598c53fe3d0, 161;
v0x5598c53fe3d0_162 .array/port v0x5598c53fe3d0, 162;
v0x5598c53fe3d0_163 .array/port v0x5598c53fe3d0, 163;
v0x5598c53fe3d0_164 .array/port v0x5598c53fe3d0, 164;
E_0x5598c53cae30/41 .event edge, v0x5598c53fe3d0_161, v0x5598c53fe3d0_162, v0x5598c53fe3d0_163, v0x5598c53fe3d0_164;
v0x5598c53fe3d0_165 .array/port v0x5598c53fe3d0, 165;
v0x5598c53fe3d0_166 .array/port v0x5598c53fe3d0, 166;
v0x5598c53fe3d0_167 .array/port v0x5598c53fe3d0, 167;
v0x5598c53fe3d0_168 .array/port v0x5598c53fe3d0, 168;
E_0x5598c53cae30/42 .event edge, v0x5598c53fe3d0_165, v0x5598c53fe3d0_166, v0x5598c53fe3d0_167, v0x5598c53fe3d0_168;
v0x5598c53fe3d0_169 .array/port v0x5598c53fe3d0, 169;
v0x5598c53fe3d0_170 .array/port v0x5598c53fe3d0, 170;
v0x5598c53fe3d0_171 .array/port v0x5598c53fe3d0, 171;
v0x5598c53fe3d0_172 .array/port v0x5598c53fe3d0, 172;
E_0x5598c53cae30/43 .event edge, v0x5598c53fe3d0_169, v0x5598c53fe3d0_170, v0x5598c53fe3d0_171, v0x5598c53fe3d0_172;
v0x5598c53fe3d0_173 .array/port v0x5598c53fe3d0, 173;
v0x5598c53fe3d0_174 .array/port v0x5598c53fe3d0, 174;
v0x5598c53fe3d0_175 .array/port v0x5598c53fe3d0, 175;
v0x5598c53fe3d0_176 .array/port v0x5598c53fe3d0, 176;
E_0x5598c53cae30/44 .event edge, v0x5598c53fe3d0_173, v0x5598c53fe3d0_174, v0x5598c53fe3d0_175, v0x5598c53fe3d0_176;
v0x5598c53fe3d0_177 .array/port v0x5598c53fe3d0, 177;
v0x5598c53fe3d0_178 .array/port v0x5598c53fe3d0, 178;
v0x5598c53fe3d0_179 .array/port v0x5598c53fe3d0, 179;
v0x5598c53fe3d0_180 .array/port v0x5598c53fe3d0, 180;
E_0x5598c53cae30/45 .event edge, v0x5598c53fe3d0_177, v0x5598c53fe3d0_178, v0x5598c53fe3d0_179, v0x5598c53fe3d0_180;
v0x5598c53fe3d0_181 .array/port v0x5598c53fe3d0, 181;
v0x5598c53fe3d0_182 .array/port v0x5598c53fe3d0, 182;
v0x5598c53fe3d0_183 .array/port v0x5598c53fe3d0, 183;
v0x5598c53fe3d0_184 .array/port v0x5598c53fe3d0, 184;
E_0x5598c53cae30/46 .event edge, v0x5598c53fe3d0_181, v0x5598c53fe3d0_182, v0x5598c53fe3d0_183, v0x5598c53fe3d0_184;
v0x5598c53fe3d0_185 .array/port v0x5598c53fe3d0, 185;
v0x5598c53fe3d0_186 .array/port v0x5598c53fe3d0, 186;
v0x5598c53fe3d0_187 .array/port v0x5598c53fe3d0, 187;
v0x5598c53fe3d0_188 .array/port v0x5598c53fe3d0, 188;
E_0x5598c53cae30/47 .event edge, v0x5598c53fe3d0_185, v0x5598c53fe3d0_186, v0x5598c53fe3d0_187, v0x5598c53fe3d0_188;
v0x5598c53fe3d0_189 .array/port v0x5598c53fe3d0, 189;
v0x5598c53fe3d0_190 .array/port v0x5598c53fe3d0, 190;
v0x5598c53fe3d0_191 .array/port v0x5598c53fe3d0, 191;
v0x5598c53fe3d0_192 .array/port v0x5598c53fe3d0, 192;
E_0x5598c53cae30/48 .event edge, v0x5598c53fe3d0_189, v0x5598c53fe3d0_190, v0x5598c53fe3d0_191, v0x5598c53fe3d0_192;
v0x5598c53fe3d0_193 .array/port v0x5598c53fe3d0, 193;
v0x5598c53fe3d0_194 .array/port v0x5598c53fe3d0, 194;
v0x5598c53fe3d0_195 .array/port v0x5598c53fe3d0, 195;
v0x5598c53fe3d0_196 .array/port v0x5598c53fe3d0, 196;
E_0x5598c53cae30/49 .event edge, v0x5598c53fe3d0_193, v0x5598c53fe3d0_194, v0x5598c53fe3d0_195, v0x5598c53fe3d0_196;
v0x5598c53fe3d0_197 .array/port v0x5598c53fe3d0, 197;
v0x5598c53fe3d0_198 .array/port v0x5598c53fe3d0, 198;
v0x5598c53fe3d0_199 .array/port v0x5598c53fe3d0, 199;
v0x5598c53fe3d0_200 .array/port v0x5598c53fe3d0, 200;
E_0x5598c53cae30/50 .event edge, v0x5598c53fe3d0_197, v0x5598c53fe3d0_198, v0x5598c53fe3d0_199, v0x5598c53fe3d0_200;
v0x5598c53fe3d0_201 .array/port v0x5598c53fe3d0, 201;
v0x5598c53fe3d0_202 .array/port v0x5598c53fe3d0, 202;
v0x5598c53fe3d0_203 .array/port v0x5598c53fe3d0, 203;
v0x5598c53fe3d0_204 .array/port v0x5598c53fe3d0, 204;
E_0x5598c53cae30/51 .event edge, v0x5598c53fe3d0_201, v0x5598c53fe3d0_202, v0x5598c53fe3d0_203, v0x5598c53fe3d0_204;
v0x5598c53fe3d0_205 .array/port v0x5598c53fe3d0, 205;
v0x5598c53fe3d0_206 .array/port v0x5598c53fe3d0, 206;
v0x5598c53fe3d0_207 .array/port v0x5598c53fe3d0, 207;
v0x5598c53fe3d0_208 .array/port v0x5598c53fe3d0, 208;
E_0x5598c53cae30/52 .event edge, v0x5598c53fe3d0_205, v0x5598c53fe3d0_206, v0x5598c53fe3d0_207, v0x5598c53fe3d0_208;
v0x5598c53fe3d0_209 .array/port v0x5598c53fe3d0, 209;
v0x5598c53fe3d0_210 .array/port v0x5598c53fe3d0, 210;
v0x5598c53fe3d0_211 .array/port v0x5598c53fe3d0, 211;
v0x5598c53fe3d0_212 .array/port v0x5598c53fe3d0, 212;
E_0x5598c53cae30/53 .event edge, v0x5598c53fe3d0_209, v0x5598c53fe3d0_210, v0x5598c53fe3d0_211, v0x5598c53fe3d0_212;
v0x5598c53fe3d0_213 .array/port v0x5598c53fe3d0, 213;
v0x5598c53fe3d0_214 .array/port v0x5598c53fe3d0, 214;
v0x5598c53fe3d0_215 .array/port v0x5598c53fe3d0, 215;
v0x5598c53fe3d0_216 .array/port v0x5598c53fe3d0, 216;
E_0x5598c53cae30/54 .event edge, v0x5598c53fe3d0_213, v0x5598c53fe3d0_214, v0x5598c53fe3d0_215, v0x5598c53fe3d0_216;
v0x5598c53fe3d0_217 .array/port v0x5598c53fe3d0, 217;
v0x5598c53fe3d0_218 .array/port v0x5598c53fe3d0, 218;
v0x5598c53fe3d0_219 .array/port v0x5598c53fe3d0, 219;
v0x5598c53fe3d0_220 .array/port v0x5598c53fe3d0, 220;
E_0x5598c53cae30/55 .event edge, v0x5598c53fe3d0_217, v0x5598c53fe3d0_218, v0x5598c53fe3d0_219, v0x5598c53fe3d0_220;
v0x5598c53fe3d0_221 .array/port v0x5598c53fe3d0, 221;
v0x5598c53fe3d0_222 .array/port v0x5598c53fe3d0, 222;
v0x5598c53fe3d0_223 .array/port v0x5598c53fe3d0, 223;
v0x5598c53fe3d0_224 .array/port v0x5598c53fe3d0, 224;
E_0x5598c53cae30/56 .event edge, v0x5598c53fe3d0_221, v0x5598c53fe3d0_222, v0x5598c53fe3d0_223, v0x5598c53fe3d0_224;
v0x5598c53fe3d0_225 .array/port v0x5598c53fe3d0, 225;
v0x5598c53fe3d0_226 .array/port v0x5598c53fe3d0, 226;
v0x5598c53fe3d0_227 .array/port v0x5598c53fe3d0, 227;
v0x5598c53fe3d0_228 .array/port v0x5598c53fe3d0, 228;
E_0x5598c53cae30/57 .event edge, v0x5598c53fe3d0_225, v0x5598c53fe3d0_226, v0x5598c53fe3d0_227, v0x5598c53fe3d0_228;
v0x5598c53fe3d0_229 .array/port v0x5598c53fe3d0, 229;
v0x5598c53fe3d0_230 .array/port v0x5598c53fe3d0, 230;
v0x5598c53fe3d0_231 .array/port v0x5598c53fe3d0, 231;
v0x5598c53fe3d0_232 .array/port v0x5598c53fe3d0, 232;
E_0x5598c53cae30/58 .event edge, v0x5598c53fe3d0_229, v0x5598c53fe3d0_230, v0x5598c53fe3d0_231, v0x5598c53fe3d0_232;
v0x5598c53fe3d0_233 .array/port v0x5598c53fe3d0, 233;
v0x5598c53fe3d0_234 .array/port v0x5598c53fe3d0, 234;
v0x5598c53fe3d0_235 .array/port v0x5598c53fe3d0, 235;
v0x5598c53fe3d0_236 .array/port v0x5598c53fe3d0, 236;
E_0x5598c53cae30/59 .event edge, v0x5598c53fe3d0_233, v0x5598c53fe3d0_234, v0x5598c53fe3d0_235, v0x5598c53fe3d0_236;
v0x5598c53fe3d0_237 .array/port v0x5598c53fe3d0, 237;
v0x5598c53fe3d0_238 .array/port v0x5598c53fe3d0, 238;
v0x5598c53fe3d0_239 .array/port v0x5598c53fe3d0, 239;
v0x5598c53fe3d0_240 .array/port v0x5598c53fe3d0, 240;
E_0x5598c53cae30/60 .event edge, v0x5598c53fe3d0_237, v0x5598c53fe3d0_238, v0x5598c53fe3d0_239, v0x5598c53fe3d0_240;
v0x5598c53fe3d0_241 .array/port v0x5598c53fe3d0, 241;
v0x5598c53fe3d0_242 .array/port v0x5598c53fe3d0, 242;
v0x5598c53fe3d0_243 .array/port v0x5598c53fe3d0, 243;
v0x5598c53fe3d0_244 .array/port v0x5598c53fe3d0, 244;
E_0x5598c53cae30/61 .event edge, v0x5598c53fe3d0_241, v0x5598c53fe3d0_242, v0x5598c53fe3d0_243, v0x5598c53fe3d0_244;
v0x5598c53fe3d0_245 .array/port v0x5598c53fe3d0, 245;
v0x5598c53fe3d0_246 .array/port v0x5598c53fe3d0, 246;
v0x5598c53fe3d0_247 .array/port v0x5598c53fe3d0, 247;
v0x5598c53fe3d0_248 .array/port v0x5598c53fe3d0, 248;
E_0x5598c53cae30/62 .event edge, v0x5598c53fe3d0_245, v0x5598c53fe3d0_246, v0x5598c53fe3d0_247, v0x5598c53fe3d0_248;
v0x5598c53fe3d0_249 .array/port v0x5598c53fe3d0, 249;
v0x5598c53fe3d0_250 .array/port v0x5598c53fe3d0, 250;
v0x5598c53fe3d0_251 .array/port v0x5598c53fe3d0, 251;
v0x5598c53fe3d0_252 .array/port v0x5598c53fe3d0, 252;
E_0x5598c53cae30/63 .event edge, v0x5598c53fe3d0_249, v0x5598c53fe3d0_250, v0x5598c53fe3d0_251, v0x5598c53fe3d0_252;
v0x5598c53fe3d0_253 .array/port v0x5598c53fe3d0, 253;
v0x5598c53fe3d0_254 .array/port v0x5598c53fe3d0, 254;
v0x5598c53fe3d0_255 .array/port v0x5598c53fe3d0, 255;
E_0x5598c53cae30/64 .event edge, v0x5598c53fe3d0_253, v0x5598c53fe3d0_254, v0x5598c53fe3d0_255;
E_0x5598c53cae30 .event/or E_0x5598c53cae30/0, E_0x5598c53cae30/1, E_0x5598c53cae30/2, E_0x5598c53cae30/3, E_0x5598c53cae30/4, E_0x5598c53cae30/5, E_0x5598c53cae30/6, E_0x5598c53cae30/7, E_0x5598c53cae30/8, E_0x5598c53cae30/9, E_0x5598c53cae30/10, E_0x5598c53cae30/11, E_0x5598c53cae30/12, E_0x5598c53cae30/13, E_0x5598c53cae30/14, E_0x5598c53cae30/15, E_0x5598c53cae30/16, E_0x5598c53cae30/17, E_0x5598c53cae30/18, E_0x5598c53cae30/19, E_0x5598c53cae30/20, E_0x5598c53cae30/21, E_0x5598c53cae30/22, E_0x5598c53cae30/23, E_0x5598c53cae30/24, E_0x5598c53cae30/25, E_0x5598c53cae30/26, E_0x5598c53cae30/27, E_0x5598c53cae30/28, E_0x5598c53cae30/29, E_0x5598c53cae30/30, E_0x5598c53cae30/31, E_0x5598c53cae30/32, E_0x5598c53cae30/33, E_0x5598c53cae30/34, E_0x5598c53cae30/35, E_0x5598c53cae30/36, E_0x5598c53cae30/37, E_0x5598c53cae30/38, E_0x5598c53cae30/39, E_0x5598c53cae30/40, E_0x5598c53cae30/41, E_0x5598c53cae30/42, E_0x5598c53cae30/43, E_0x5598c53cae30/44, E_0x5598c53cae30/45, E_0x5598c53cae30/46, E_0x5598c53cae30/47, E_0x5598c53cae30/48, E_0x5598c53cae30/49, E_0x5598c53cae30/50, E_0x5598c53cae30/51, E_0x5598c53cae30/52, E_0x5598c53cae30/53, E_0x5598c53cae30/54, E_0x5598c53cae30/55, E_0x5598c53cae30/56, E_0x5598c53cae30/57, E_0x5598c53cae30/58, E_0x5598c53cae30/59, E_0x5598c53cae30/60, E_0x5598c53cae30/61, E_0x5598c53cae30/62, E_0x5598c53cae30/63, E_0x5598c53cae30/64;
E_0x5598c53cdd10 .event posedge, v0x5598c53fe250_0;
    .scope S_0x5598c53d43c0;
T_0 ;
    %vpi_call 2 14 "$readmemh", "instr.mem", v0x5598c53fe3d0 {0 0 0};
    %end;
    .thread T_0;
    .scope S_0x5598c53d43c0;
T_1 ;
    %wait E_0x5598c53cdd10;
    %load/vec4 v0x5598c5400dd0_0;
    %load/vec4 v0x5598c5400f70_0;
    %nor/r;
    %and;
    %flag_set/vec4 8;
    %jmp/0xz  T_1.0, 8;
    %load/vec4 v0x5598c53fe310_0;
    %parti/s 1, 0, 2;
    %flag_set/vec4 8;
    %jmp/0xz  T_1.2, 8;
    %load/vec4 v0x5598c5400e90_0;
    %parti/s 8, 0, 2;
    %load/vec4 v0x5598c53a9000_0;
    %pad/u 10;
    %ix/vec4 3;
    %ix/load 4, 0, 0; Constant delay
    %assign/vec4/a/d v0x5598c53fe3d0, 0, 4;
T_1.2 ;
    %load/vec4 v0x5598c53fe310_0;
    %parti/s 1, 1, 2;
    %flag_set/vec4 8;
    %jmp/0xz  T_1.4, 8;
    %load/vec4 v0x5598c5400e90_0;
    %parti/s 8, 8, 5;
    %load/vec4 v0x5598c53a9000_0;
    %pad/u 10;
    %ix/vec4 3;
    %ix/load 4, 8, 0; part off
    %ix/load 5, 0, 0; Constant delay
    %assign/vec4/a/d v0x5598c53fe3d0, 4, 5;
T_1.4 ;
    %load/vec4 v0x5598c53fe310_0;
    %parti/s 1, 2, 3;
    %flag_set/vec4 8;
    %jmp/0xz  T_1.6, 8;
    %load/vec4 v0x5598c5400e90_0;
    %parti/s 8, 16, 6;
    %load/vec4 v0x5598c53a9000_0;
    %pad/u 10;
    %ix/vec4 3;
    %ix/load 4, 16, 0; part off
    %ix/load 5, 0, 0; Constant delay
    %assign/vec4/a/d v0x5598c53fe3d0, 4, 5;
T_1.6 ;
    %load/vec4 v0x5598c53fe310_0;
    %parti/s 1, 3, 3;
    %flag_set/vec4 8;
    %jmp/0xz  T_1.8, 8;
    %load/vec4 v0x5598c5400e90_0;
    %parti/s 8, 24, 6;
    %load/vec4 v0x5598c53a9000_0;
    %pad/u 10;
    %ix/vec4 3;
    %ix/load 4, 24, 0; part off
    %ix/load 5, 0, 0; Constant delay
    %assign/vec4/a/d v0x5598c53fe3d0, 4, 5;
T_1.8 ;
T_1.0 ;
    %jmp T_1;
    .thread T_1;
    .scope S_0x5598c53d43c0;
T_2 ;
    %wait E_0x5598c53cae30;
    %load/vec4 v0x5598c5400dd0_0;
    %flag_set/vec4 8;
    %load/vec4 v0x5598c5400f70_0;
    %flag_set/vec4 9;
    %flag_or 9, 8;
    %jmp/0xz  T_2.0, 9;
    %load/vec4 v0x5598c53a9000_0;
    %pad/u 10;
    %ix/vec4 4;
    %load/vec4a v0x5598c53fe3d0, 4;
    %store/vec4 v0x5598c5400ca0_0, 0, 32;
T_2.0 ;
    %jmp T_2;
    .thread T_2, $push;
# The file index is used to find the file name in the following table.
:file_names 3;
    "N/A";
    "<interactive>";
    "c_memory.v";
