#! /usr/bin/vvp
:ivl_version "11.0 (stable)";
:ivl_delay_selection "TYPICAL";
:vpi_time_precision + 0;
:vpi_module "/usr/lib/x86_64-linux-gnu/ivl/system.vpi";
:vpi_module "/usr/lib/x86_64-linux-gnu/ivl/vhdl_sys.vpi";
:vpi_module "/usr/lib/x86_64-linux-gnu/ivl/vhdl_textio.vpi";
:vpi_module "/usr/lib/x86_64-linux-gnu/ivl/v2005_math.vpi";
:vpi_module "/usr/lib/x86_64-linux-gnu/ivl/va_math.vpi";
S_0x55a02f1e2190 .scope module, "rd_mux" "rd_mux" 2 1;
 .timescale 0 0;
    .port_info 0 /INPUT 32 "alu_o";
    .port_info 1 /INPUT 32 "pc_o";
    .port_info 2 /INPUT 2 "rd_sel";
    .port_info 3 /OUTPUT 32 "rd_o";
o0x7fdc7b4b6018 .functor BUFZ 32, C4<zzzzzzzzzzzzzzzzzzzzzzzzzzzzzzzz>; HiZ drive
v0x55a02f1e3bf0_0 .net "alu_o", 31 0, o0x7fdc7b4b6018;  0 drivers
o0x7fdc7b4b6048 .functor BUFZ 32, C4<zzzzzzzzzzzzzzzzzzzzzzzzzzzzzzzz>; HiZ drive
v0x55a02f1e4000_0 .net "pc_o", 31 0, o0x7fdc7b4b6048;  0 drivers
v0x55a02f229af0_0 .var "rd_o", 31 0;
o0x7fdc7b4b60a8 .functor BUFZ 2, C4<zz>; HiZ drive
v0x55a02f229bb0_0 .net "rd_sel", 1 0, o0x7fdc7b4b60a8;  0 drivers
E_0x55a02f21b6b0 .event edge, v0x55a02f229bb0_0, v0x55a02f1e4000_0, v0x55a02f1e3bf0_0;
    .scope S_0x55a02f1e2190;
T_0 ;
    %wait E_0x55a02f21b6b0;
    %load/vec4 v0x55a02f229bb0_0;
    %dup/vec4;
    %pushi/vec4 1, 0, 2;
    %cmp/u;
    %jmp/1 T_0.0, 6;
    %load/vec4 v0x55a02f1e3bf0_0;
    %store/vec4 v0x55a02f229af0_0, 0, 32;
    %jmp T_0.2;
T_0.0 ;
    %load/vec4 v0x55a02f1e4000_0;
    %store/vec4 v0x55a02f229af0_0, 0, 32;
    %jmp T_0.2;
T_0.2 ;
    %pop/vec4 1;
    %jmp T_0;
    .thread T_0, $push;
# The file index is used to find the file name in the following table.
:file_names 3;
    "N/A";
    "<interactive>";
    "rd_mux.v";
